triplet: 2006-01-03 18:00:00
/home/amirouyed@catnet.arizona.edu/anaconda3/lib/python3.7/site-packages/cartopy/mpl/geoaxes.py:1123: MatplotlibDeprecationWarning: Passing parameters norm and vmin/vmax simultaneously is deprecated since 3.3 and will become an error two minor releases later. Please pass vmin/vmax directly to the norm when creating it.
  result = matplotlib.axes.Axes.imshow(self, img, *args, **kwargs)
/home/amirouyed@catnet.arizona.edu/anaconda3/lib/python3.7/site-packages/cartopy/mpl/geoaxes.py:388: MatplotlibDeprecationWarning: 
The 'inframe' parameter of draw() was deprecated in Matplotlib 3.3 and will be removed two minor releases later. Use Axes.redraw_in_frame() instead. If any parameter follows 'inframe', they should be passed as keyword, not positionally.
  inframe=inframe)
/home/amirouyed@catnet.arizona.edu/anaconda3/lib/python3.7/site-packages/cartopy/mpl/geoaxes.py:1123: MatplotlibDeprecationWarning: Passing parameters norm and vmin/vmax simultaneously is deprecated since 3.3 and will become an error two minor releases later. Please pass vmin/vmax directly to the norm when creating it.
  result = matplotlib.axes.Axes.imshow(self, img, *args, **kwargs)
/home/amirouyed@catnet.arizona.edu/anaconda3/lib/python3.7/site-packages/cartopy/mpl/geoaxes.py:388: MatplotlibDeprecationWarning: 
The 'inframe' parameter of draw() was deprecated in Matplotlib 3.3 and will be removed two minor releases later. Use Axes.redraw_in_frame() instead. If any parameter follows 'inframe', they should be passed as keyword, not positionally.
  inframe=inframe)
/home/amirouyed@catnet.arizona.edu/anaconda3/lib/python3.7/site-packages/cartopy/mpl/geoaxes.py:1123: MatplotlibDeprecationWarning: Passing parameters norm and vmin/vmax simultaneously is deprecated since 3.3 and will become an error two minor releases later. Please pass vmin/vmax directly to the norm when creating it.
  result = matplotlib.axes.Axes.imshow(self, img, *args, **kwargs)
/home/amirouyed@catnet.arizona.edu/anaconda3/lib/python3.7/site-packages/cartopy/mpl/geoaxes.py:388: MatplotlibDeprecationWarning: 
The 'inframe' parameter of draw() was deprecated in Matplotlib 3.3 and will be removed two minor releases later. Use Axes.redraw_in_frame() instead. If any parameter follows 'inframe', they should be passed as keyword, not positionally.
  inframe=inframe)
/home/amirouyed@catnet.arizona.edu/anaconda3/lib/python3.7/site-packages/cartopy/mpl/geoaxes.py:1123: MatplotlibDeprecationWarning: Passing parameters norm and vmin/vmax simultaneously is deprecated since 3.3 and will become an error two minor releases later. Please pass vmin/vmax directly to the norm when creating it.
  result = matplotlib.axes.Axes.imshow(self, img, *args, **kwargs)
/home/amirouyed@catnet.arizona.edu/anaconda3/lib/python3.7/site-packages/cartopy/mpl/geoaxes.py:388: MatplotlibDeprecationWarning: 
The 'inframe' parameter of draw() was deprecated in Matplotlib 3.3 and will be removed two minor releases later. Use Axes.redraw_in_frame() instead. If any parameter follows 'inframe', they should be passed as keyword, not positionally.
  inframe=inframe)
triplet: 2006-01-03 18:00:00
calculating histogram...
speed
/home/amirouyed@catnet.arizona.edu/anaconda3/lib/python3.7/site-packages/cartopy/mpl/geoaxes.py:1123: MatplotlibDeprecationWarning: Passing parameters norm and vmin/vmax simultaneously is deprecated since 3.3 and will become an error two minor releases later. Please pass vmin/vmax directly to the norm when creating it.
  result = matplotlib.axes.Axes.imshow(self, img, *args, **kwargs)
/home/amirouyed@catnet.arizona.edu/anaconda3/lib/python3.7/site-packages/cartopy/mpl/geoaxes.py:388: MatplotlibDeprecationWarning: 
The 'inframe' parameter of draw() was deprecated in Matplotlib 3.3 and will be removed two minor releases later. Use Axes.redraw_in_frame() instead. If any parameter follows 'inframe', they should be passed as keyword, not positionally.
  inframe=inframe)
/home/amirouyed@catnet.arizona.edu/anaconda3/lib/python3.7/site-packages/cartopy/mpl/geoaxes.py:1123: MatplotlibDeprecationWarning: Passing parameters norm and vmin/vmax simultaneously is deprecated since 3.3 and will become an error two minor releases later. Please pass vmin/vmax directly to the norm when creating it.
  result = matplotlib.axes.Axes.imshow(self, img, *args, **kwargs)
/home/amirouyed@catnet.arizona.edu/anaconda3/lib/python3.7/site-packages/cartopy/mpl/geoaxes.py:388: MatplotlibDeprecationWarning: 
The 'inframe' parameter of draw() was deprecated in Matplotlib 3.3 and will be removed two minor releases later. Use Axes.redraw_in_frame() instead. If any parameter follows 'inframe', they should be passed as keyword, not positionally.
  inframe=inframe)
/home/amirouyed@catnet.arizona.edu/anaconda3/lib/python3.7/site-packages/cartopy/mpl/geoaxes.py:1123: MatplotlibDeprecationWarning: Passing parameters norm and vmin/vmax simultaneously is deprecated since 3.3 and will become an error two minor releases later. Please pass vmin/vmax directly to the norm when creating it.
  result = matplotlib.axes.Axes.imshow(self, img, *args, **kwargs)
/home/amirouyed@catnet.arizona.edu/anaconda3/lib/python3.7/site-packages/cartopy/mpl/geoaxes.py:388: MatplotlibDeprecationWarning: 
The 'inframe' parameter of draw() was deprecated in Matplotlib 3.3 and will be removed two minor releases later. Use Axes.redraw_in_frame() instead. If any parameter follows 'inframe', they should be passed as keyword, not positionally.
  inframe=inframe)
/home/amirouyed@catnet.arizona.edu/anaconda3/lib/python3.7/site-packages/cartopy/mpl/geoaxes.py:1123: MatplotlibDeprecationWarning: Passing parameters norm and vmin/vmax simultaneously is deprecated since 3.3 and will become an error two minor releases later. Please pass vmin/vmax directly to the norm when creating it.
  result = matplotlib.axes.Axes.imshow(self, img, *args, **kwargs)
/home/amirouyed@catnet.arizona.edu/anaconda3/lib/python3.7/site-packages/cartopy/mpl/geoaxes.py:388: MatplotlibDeprecationWarning: 
The 'inframe' parameter of draw() was deprecated in Matplotlib 3.3 and will be removed two minor releases later. Use Axes.redraw_in_frame() instead. If any parameter follows 'inframe', they should be passed as keyword, not positionally.
  inframe=inframe)
calculating histogram...
speed
